[debug] [2024-10-24T17:18:31.018Z] ----------------------------------------------------------------------
[debug] [2024-10-24T17:18:31.020Z] Command:       C:\Program Files\nodejs\node.exe C:\Users\PC\AppData\Roaming\npm\node_modules\firebase-tools\lib\bin\firebase.js deploy
[debug] [2024-10-24T17:18:31.021Z] CLI Version:   13.22.1
[debug] [2024-10-24T17:18:31.021Z] Platform:      win32
[debug] [2024-10-24T17:18:31.021Z] Node Version:  v20.16.0
[debug] [2024-10-24T17:18:31.021Z] Time:          Thu Oct 24 2024 14:18:31 GMT-0300 (hora estándar de Argentina)
[debug] [2024-10-24T17:18:31.021Z] ----------------------------------------------------------------------
[debug] 
[debug] [2024-10-24T17:18:31.079Z] > command requires scopes: ["email","openid","https://www.googleapis.com/auth/cloudplatformprojects.readonly","https://www.googleapis.com/auth/firebase","https://www.googleapis.com/auth/cloud-platform"]
[debug] [2024-10-24T17:18:31.080Z] > authorizing via signed-in user (gastuconsoli8@gmail.com)
[debug] [2024-10-24T17:18:31.080Z] [iam] checking project admin for permissions ["firebase.projects.get","firebasehosting.sites.update"]
[debug] [2024-10-24T17:18:31.081Z] Checked if tokens are valid: false, expires at: 1729710124161
[debug] [2024-10-24T17:18:31.081Z] Checked if tokens are valid: false, expires at: 1729710124161
[debug] [2024-10-24T17:18:31.082Z] > refreshing access token with scopes: []
[debug] [2024-10-24T17:18:31.083Z] >>> [apiv2][query] POST https://www.googleapis.com/oauth2/v3/token [none]
[debug] [2024-10-24T17:18:31.083Z] >>> [apiv2][body] POST https://www.googleapis.com/oauth2/v3/token [omitted]
[debug] [2024-10-24T17:18:31.304Z] <<< [apiv2][status] POST https://www.googleapis.com/oauth2/v3/token 200
[debug] [2024-10-24T17:18:31.304Z] <<< [apiv2][body] POST https://www.googleapis.com/oauth2/v3/token [omitted]
[debug] [2024-10-24T17:18:31.309Z] >>> [apiv2][query] POST https://cloudresourcemanager.googleapis.com/v1/projects/admin:testIamPermissions [none]
[debug] [2024-10-24T17:18:31.310Z] >>> [apiv2][(partial)header] POST https://cloudresourcemanager.googleapis.com/v1/projects/admin:testIamPermissions x-goog-quota-user=projects/admin
[debug] [2024-10-24T17:18:31.310Z] >>> [apiv2][body] POST https://cloudresourcemanager.googleapis.com/v1/projects/admin:testIamPermissions {"permissions":["firebase.projects.get","firebasehosting.sites.update"]}
[debug] [2024-10-24T17:18:32.398Z] <<< [apiv2][status] POST https://cloudresourcemanager.googleapis.com/v1/projects/admin:testIamPermissions 200
[debug] [2024-10-24T17:18:32.398Z] <<< [apiv2][body] POST https://cloudresourcemanager.googleapis.com/v1/projects/admin:testIamPermissions {}
[debug] [2024-10-24T17:18:32.398Z] [iam] error while checking permissions, command may fail: FirebaseError: Authorization failed. This account is missing the following required permissions on project admin:

  firebase.projects.get
  firebasehosting.sites.update
[debug] [2024-10-24T17:18:32.399Z] Checked if tokens are valid: true, expires at: 1729793910304
[debug] [2024-10-24T17:18:32.399Z] Checked if tokens are valid: true, expires at: 1729793910304
[debug] [2024-10-24T17:18:32.399Z] >>> [apiv2][query] GET https://firebase.googleapis.com/v1beta1/projects/admin [none]
[debug] [2024-10-24T17:18:32.998Z] <<< [apiv2][status] GET https://firebase.googleapis.com/v1beta1/projects/admin 403
[debug] [2024-10-24T17:18:32.998Z] <<< [apiv2][body] GET https://firebase.googleapis.com/v1beta1/projects/admin {"error":{"code":403,"message":"The caller does not have permission","status":"PERMISSION_DENIED"}}
[debug] [2024-10-24T17:18:32.999Z] HTTP Error: 403, The caller does not have permission
[debug] [2024-10-24T17:18:33.172Z] FirebaseError: HTTP Error: 403, The caller does not have permission
    at responseToError (C:\Users\PC\AppData\Roaming\npm\node_modules\firebase-tools\lib\responseToError.js:49:12)
    at RetryOperation._fn (C:\Users\PC\AppData\Roaming\npm\node_modules\firebase-tools\lib\apiv2.js:312:77)
    at process.processTicksAndRejections (node:internal/process/task_queues:95:5)
[error] 
[error] Error: Failed to get Firebase project admin. Please make sure the project exists and your account has permission to access it.
